<?xml version="1.0" encoding="UTF-8"?>
<!-- Generated by org.testng.reporters.JUnitReportReporter -->
<testsuite skipped="0" hostname="STSPC93" name="com.msrtc.ExamBench.TestCases.LoginTest" tests="1" failures="0" timestamp="21 Sep 2018 07:27:15 GMT" time="34.366" errors="0">
  <testcase name="validLogin" time="34.366" classname="com.msrtc.ExamBench.TestCases.LoginTest"/>
</testsuite> <!-- com.msrtc.ExamBench.TestCases.LoginTest -->
