<?xml version="1.0" encoding="UTF-8"?>
<!-- Generated by org.testng.reporters.JUnitReportReporter -->
<testsuite skipped="0" hostname="DESKTOP" name="com.msrtc.ExamBench.TestCases.CategoryTest" tests="1" failures="0" timestamp="17 Sep 2018 18:30:53 GMT" time="50.210" errors="0">
  <testcase name="AddCategory" time="50.210" classname="com.msrtc.ExamBench.TestCases.CategoryTest"/>
</testsuite> <!-- com.msrtc.ExamBench.TestCases.CategoryTest -->
