<?xml version="1.0" encoding="UTF-8"?>
<!-- Generated by org.testng.reporters.JUnitReportReporter -->
<testsuite skipped="0" hostname="DESKTOP" name="com.msrtc.ExamBench.TestCases.ExamTemplateTest" tests="1" failures="0" timestamp="17 Sep 2018 20:08:14 GMT" time="43.158" errors="0">
  <testcase name="TestExamTemplate" time="43.158" classname="com.msrtc.ExamBench.TestCases.ExamTemplateTest"/>
</testsuite> <!-- com.msrtc.ExamBench.TestCases.ExamTemplateTest -->
