<?xml version="1.0" encoding="UTF-8"?>
<!-- Generated by org.testng.reporters.JUnitReportReporter -->
<testsuite skipped="0" hostname="DESKTOP" name="com.msrtc.ExamBench.TestCases.QuestionTest" tests="3" failures="0" timestamp="17 Sep 2018 18:30:53 GMT" time="104.303" errors="0">
  <testcase name="test" time="34.315" classname="com.msrtc.ExamBench.TestCases.QuestionTest"/>
  <testcase name="test" time="37.916" classname="com.msrtc.ExamBench.TestCases.QuestionTest"/>
  <testcase name="test" time="32.072" classname="com.msrtc.ExamBench.TestCases.QuestionTest"/>
</testsuite> <!-- com.msrtc.ExamBench.TestCases.QuestionTest -->
