<?xml version="1.0" encoding="UTF-8"?>
<!-- Generated by org.testng.reporters.JUnitReportReporter -->
<testsuite skipped="0" hostname="STSPC93" name="com.msrtc.ExamBench.TestCases.LoginPageTest" tests="1" failures="0" timestamp="09 Apr 2018 07:14:24 GMT" time="16.746" errors="0">
  <testcase name="validLogin" time="16.746" classname="com.msrtc.ExamBench.TestCases.LoginPageTest"/>
</testsuite> <!-- com.msrtc.ExamBench.TestCases.LoginPageTest -->
