<?xml version="1.0" encoding="UTF-8"?>
<!-- Generated by org.testng.reporters.JUnitReportReporter -->
<testsuite skipped="0" hostname="STSPC93" name="com.msrtc.ExamBench.TestCases.LoginTest" tests="1" failures="0" timestamp="27 Sep 2018 09:55:08 GMT" time="63.886" errors="0">
  <testcase name="validLogin" time="63.886" classname="com.msrtc.ExamBench.TestCases.LoginTest"/>
</testsuite> <!-- com.msrtc.ExamBench.TestCases.LoginTest -->
