<?xml version="1.0" encoding="UTF-8"?>
<!-- Generated by org.testng.reporters.JUnitReportReporter -->
<testsuite skipped="0" hostname="STSPC93" name="com.msrtc.ExamBench.Util.ExcelDataProvider" tests="4" failures="0" timestamp="14 Sep 2018 12:30:34 GMT" time="0.016" errors="0">
  <testcase name="test" time="0.009" classname="com.msrtc.ExamBench.Util.ExcelDataProvider"/>
  <testcase name="test" time="0.001" classname="com.msrtc.ExamBench.Util.ExcelDataProvider"/>
  <testcase name="test" time="0.001" classname="com.msrtc.ExamBench.Util.ExcelDataProvider"/>
  <testcase name="test" time="0.005" classname="com.msrtc.ExamBench.Util.ExcelDataProvider"/>
</testsuite> <!-- com.msrtc.ExamBench.Util.ExcelDataProvider -->
