<?xml version="1.0" encoding="UTF-8"?>
<!-- Generated by org.testng.reporters.JUnitReportReporter -->
<testsuite skipped="0" hostname="DESKTOP" name="com.msrtc.ExamBench.TestCases.LoginTest" tests="1" failures="0" timestamp="22 Sep 2018 08:26:37 GMT" time="20.315" errors="0">
  <testcase name="validLogin" time="20.315" classname="com.msrtc.ExamBench.TestCases.LoginTest"/>
</testsuite> <!-- com.msrtc.ExamBench.TestCases.LoginTest -->
